{"F:\\Users\\tommy\\Desktop\\projects\\side_projects\\bank-system\\js\\formHandler.js": {"path":"F:\\Users\\tommy\\Desktop\\projects\\side_projects\\bank-system\\js\\formHandler.js","all":false,"statementMap":{"0":{"start":{"line":1,"column":0},"end":{"line":1,"column":19}},"1":{"start":{"line":2,"column":0},"end":{"line":2,"column":21}},"2":{"start":{"line":3,"column":0},"end":{"line":3,"column":42}},"3":{"start":{"line":4,"column":0},"end":{"line":4,"column":65}},"4":{"start":{"line":5,"column":0},"end":{"line":5,"column":5}},"5":{"start":{"line":6,"column":0},"end":{"line":6,"column":21}},"6":{"start":{"line":7,"column":0},"end":{"line":7,"column":21}},"7":{"start":{"line":8,"column":0},"end":{"line":8,"column":23}},"8":{"start":{"line":9,"column":0},"end":{"line":9,"column":3}},"9":{"start":{"line":10,"column":0},"end":{"line":10,"column":0}},"10":{"start":{"line":11,"column":0},"end":{"line":11,"column":17}},"11":{"start":{"line":12,"column":0},"end":{"line":12,"column":23}},"12":{"start":{"line":13,"column":0},"end":{"line":13,"column":26}},"13":{"start":{"line":14,"column":0},"end":{"line":14,"column":29}},"14":{"start":{"line":15,"column":0},"end":{"line":15,"column":27}},"15":{"start":{"line":16,"column":0},"end":{"line":16,"column":13}},"16":{"start":{"line":17,"column":0},"end":{"line":17,"column":12}},"17":{"start":{"line":18,"column":0},"end":{"line":18,"column":29}},"18":{"start":{"line":19,"column":0},"end":{"line":19,"column":5}},"19":{"start":{"line":20,"column":0},"end":{"line":20,"column":3}},"20":{"start":{"line":21,"column":0},"end":{"line":21,"column":0}},"21":{"start":{"line":22,"column":0},"end":{"line":22,"column":21}},"22":{"start":{"line":23,"column":0},"end":{"line":23,"column":24}},"23":{"start":{"line":24,"column":0},"end":{"line":24,"column":61}},"24":{"start":{"line":25,"column":0},"end":{"line":25,"column":40}},"25":{"start":{"line":26,"column":0},"end":{"line":26,"column":52}},"26":{"start":{"line":27,"column":0},"end":{"line":27,"column":53}},"27":{"start":{"line":28,"column":0},"end":{"line":28,"column":7}},"28":{"start":{"line":29,"column":0},"end":{"line":29,"column":7}},"29":{"start":{"line":30,"column":0},"end":{"line":30,"column":29}},"30":{"start":{"line":31,"column":0},"end":{"line":31,"column":3}},"31":{"start":{"line":32,"column":0},"end":{"line":32,"column":0}},"32":{"start":{"line":33,"column":0},"end":{"line":33,"column":17}},"33":{"start":{"line":34,"column":0},"end":{"line":34,"column":20}},"34":{"start":{"line":35,"column":0},"end":{"line":35,"column":61}},"35":{"start":{"line":36,"column":0},"end":{"line":36,"column":20}},"36":{"start":{"line":37,"column":0},"end":{"line":37,"column":9}},"37":{"start":{"line":38,"column":0},"end":{"line":38,"column":5}},"38":{"start":{"line":39,"column":0},"end":{"line":39,"column":21}},"39":{"start":{"line":40,"column":0},"end":{"line":40,"column":3}},"40":{"start":{"line":41,"column":0},"end":{"line":41,"column":0}},"41":{"start":{"line":42,"column":0},"end":{"line":42,"column":19}},"42":{"start":{"line":43,"column":0},"end":{"line":43,"column":33}},"43":{"start":{"line":44,"column":0},"end":{"line":44,"column":48}},"44":{"start":{"line":45,"column":0},"end":{"line":45,"column":57}},"45":{"start":{"line":46,"column":0},"end":{"line":46,"column":35}},"46":{"start":{"line":47,"column":0},"end":{"line":47,"column":27}},"47":{"start":{"line":48,"column":0},"end":{"line":48,"column":71}},"48":{"start":{"line":49,"column":0},"end":{"line":49,"column":23}},"49":{"start":{"line":50,"column":0},"end":{"line":50,"column":12}},"50":{"start":{"line":51,"column":0},"end":{"line":51,"column":0}},"51":{"start":{"line":52,"column":0},"end":{"line":52,"column":53}},"52":{"start":{"line":53,"column":0},"end":{"line":53,"column":7}},"53":{"start":{"line":54,"column":0},"end":{"line":54,"column":7}},"54":{"start":{"line":55,"column":0},"end":{"line":55,"column":3}},"55":{"start":{"line":56,"column":0},"end":{"line":56,"column":0}},"56":{"start":{"line":57,"column":0},"end":{"line":57,"column":20}},"57":{"start":{"line":58,"column":0},"end":{"line":58,"column":22}},"58":{"start":{"line":59,"column":0},"end":{"line":59,"column":21}},"59":{"start":{"line":60,"column":0},"end":{"line":60,"column":28}},"60":{"start":{"line":61,"column":0},"end":{"line":61,"column":12}},"61":{"start":{"line":62,"column":0},"end":{"line":62,"column":73}},"62":{"start":{"line":63,"column":0},"end":{"line":63,"column":115}},"63":{"start":{"line":64,"column":0},"end":{"line":64,"column":36}},"64":{"start":{"line":65,"column":0},"end":{"line":65,"column":26}},"65":{"start":{"line":66,"column":0},"end":{"line":66,"column":41}},"66":{"start":{"line":67,"column":0},"end":{"line":67,"column":35}},"67":{"start":{"line":68,"column":0},"end":{"line":68,"column":31}},"68":{"start":{"line":69,"column":0},"end":{"line":69,"column":18}},"69":{"start":{"line":70,"column":0},"end":{"line":70,"column":49}},"70":{"start":{"line":71,"column":0},"end":{"line":71,"column":64}},"71":{"start":{"line":72,"column":0},"end":{"line":72,"column":33}},"72":{"start":{"line":73,"column":0},"end":{"line":73,"column":13}},"73":{"start":{"line":74,"column":0},"end":{"line":74,"column":11}},"74":{"start":{"line":75,"column":0},"end":{"line":75,"column":9}},"75":{"start":{"line":76,"column":0},"end":{"line":76,"column":9}},"76":{"start":{"line":77,"column":0},"end":{"line":77,"column":5}},"77":{"start":{"line":78,"column":0},"end":{"line":78,"column":25}},"78":{"start":{"line":79,"column":0},"end":{"line":79,"column":3}},"79":{"start":{"line":80,"column":0},"end":{"line":80,"column":0}},"80":{"start":{"line":81,"column":0},"end":{"line":81,"column":23}},"81":{"start":{"line":82,"column":0},"end":{"line":82,"column":52}},"82":{"start":{"line":83,"column":0},"end":{"line":83,"column":34}},"83":{"start":{"line":84,"column":0},"end":{"line":84,"column":3}},"84":{"start":{"line":85,"column":0},"end":{"line":85,"column":0}},"85":{"start":{"line":86,"column":0},"end":{"line":86,"column":24}},"86":{"start":{"line":87,"column":0},"end":{"line":87,"column":1}},"87":{"start":{"line":88,"column":0},"end":{"line":88,"column":0}},"88":{"start":{"line":89,"column":0},"end":{"line":89,"column":27}}},"s":{"0":1,"1":1,"2":9,"3":1,"4":1,"5":8,"6":8,"7":8,"8":8,"9":1,"10":1,"11":6,"12":6,"13":6,"14":3,"15":3,"16":3,"17":3,"18":3,"19":6,"20":1,"21":1,"22":3,"23":3,"24":3,"25":4,"26":4,"27":4,"28":3,"29":3,"30":3,"31":1,"32":1,"33":6,"34":5,"35":2,"36":5,"37":5,"38":6,"39":6,"40":1,"41":1,"42":3,"43":3,"44":3,"45":3,"46":3,"47":2,"48":2,"49":2,"50":2,"51":2,"52":2,"53":3,"54":3,"55":1,"56":1,"57":6,"58":6,"59":1,"60":6,"61":5,"62":5,"63":5,"64":7,"65":7,"66":7,"67":2,"68":7,"69":5,"70":5,"71":1,"72":1,"73":5,"74":7,"75":5,"76":5,"77":6,"78":6,"79":1,"80":1,"81":3,"82":3,"83":3,"84":1,"85":1,"86":1,"87":1,"88":1},"branchMap":{"0":{"type":"branch","line":1,"loc":{"start":{"line":1,"column":17},"end":{"line":86,"column":24}},"locations":[{"start":{"line":1,"column":17},"end":{"line":86,"column":24}}]},"1":{"type":"branch","line":2,"loc":{"start":{"line":2,"column":2},"end":{"line":9,"column":3}},"locations":[{"start":{"line":2,"column":2},"end":{"line":9,"column":3}}]},"2":{"type":"branch","line":3,"loc":{"start":{"line":3,"column":41},"end":{"line":5,"column":5}},"locations":[{"start":{"line":3,"column":41},"end":{"line":5,"column":5}}]},"3":{"type":"branch","line":5,"loc":{"start":{"line":5,"column":4},"end":{"line":9,"column":3}},"locations":[{"start":{"line":5,"column":4},"end":{"line":9,"column":3}}]},"4":{"type":"branch","line":11,"loc":{"start":{"line":11,"column":2},"end":{"line":20,"column":3}},"locations":[{"start":{"line":11,"column":2},"end":{"line":20,"column":3}}]},"5":{"type":"branch","line":14,"loc":{"start":{"line":14,"column":28},"end":{"line":19,"column":5}},"locations":[{"start":{"line":14,"column":28},"end":{"line":19,"column":5}}]},"6":{"type":"branch","line":22,"loc":{"start":{"line":22,"column":2},"end":{"line":31,"column":3}},"locations":[{"start":{"line":22,"column":2},"end":{"line":31,"column":3}}]},"7":{"type":"branch","line":25,"loc":{"start":{"line":25,"column":25},"end":{"line":29,"column":5}},"locations":[{"start":{"line":25,"column":25},"end":{"line":29,"column":5}}]},"8":{"type":"branch","line":33,"loc":{"start":{"line":33,"column":2},"end":{"line":40,"column":3}},"locations":[{"start":{"line":33,"column":2},"end":{"line":40,"column":3}}]},"9":{"type":"branch","line":34,"loc":{"start":{"line":34,"column":19},"end":{"line":38,"column":5}},"locations":[{"start":{"line":34,"column":19},"end":{"line":38,"column":5}}]},"10":{"type":"branch","line":35,"loc":{"start":{"line":35,"column":52},"end":{"line":37,"column":7}},"locations":[{"start":{"line":35,"column":52},"end":{"line":37,"column":7}}]},"11":{"type":"branch","line":42,"loc":{"start":{"line":42,"column":2},"end":{"line":55,"column":3}},"locations":[{"start":{"line":42,"column":2},"end":{"line":55,"column":3}}]},"12":{"type":"branch","line":43,"loc":{"start":{"line":43,"column":24},"end":{"line":54,"column":5}},"locations":[{"start":{"line":43,"column":24},"end":{"line":54,"column":5}}]},"13":{"type":"branch","line":47,"loc":{"start":{"line":47,"column":26},"end":{"line":53,"column":7}},"locations":[{"start":{"line":47,"column":26},"end":{"line":53,"column":7}}]},"14":{"type":"branch","line":57,"loc":{"start":{"line":57,"column":2},"end":{"line":79,"column":3}},"locations":[{"start":{"line":57,"column":2},"end":{"line":79,"column":3}}]},"15":{"type":"branch","line":59,"loc":{"start":{"line":59,"column":20},"end":{"line":61,"column":5}},"locations":[{"start":{"line":59,"column":20},"end":{"line":61,"column":5}}]},"16":{"type":"branch","line":61,"loc":{"start":{"line":61,"column":5},"end":{"line":77,"column":5}},"locations":[{"start":{"line":61,"column":5},"end":{"line":77,"column":5}}]},"17":{"type":"branch","line":64,"loc":{"start":{"line":64,"column":27},"end":{"line":76,"column":7}},"locations":[{"start":{"line":64,"column":27},"end":{"line":76,"column":7}}]},"18":{"type":"branch","line":66,"loc":{"start":{"line":66,"column":32},"end":{"line":66,"column":34}},"locations":[{"start":{"line":66,"column":32},"end":{"line":66,"column":34}}]},"19":{"type":"branch","line":67,"loc":{"start":{"line":67,"column":34},"end":{"line":69,"column":11}},"locations":[{"start":{"line":67,"column":34},"end":{"line":69,"column":11}}]},"20":{"type":"branch","line":69,"loc":{"start":{"line":69,"column":11},"end":{"line":74,"column":11}},"locations":[{"start":{"line":69,"column":11},"end":{"line":74,"column":11}}]},"21":{"type":"branch","line":71,"loc":{"start":{"line":71,"column":32},"end":{"line":71,"column":61}},"locations":[{"start":{"line":71,"column":32},"end":{"line":71,"column":61}}]},"22":{"type":"branch","line":71,"loc":{"start":{"line":71,"column":63},"end":{"line":73,"column":13}},"locations":[{"start":{"line":71,"column":63},"end":{"line":73,"column":13}}]},"23":{"type":"branch","line":81,"loc":{"start":{"line":81,"column":2},"end":{"line":84,"column":3}},"locations":[{"start":{"line":81,"column":2},"end":{"line":84,"column":3}}]}},"b":{"0":[1],"1":[9],"2":[1],"3":[8],"4":[6],"5":[3],"6":[3],"7":[4],"8":[6],"9":[5],"10":[2],"11":[3],"12":[3],"13":[2],"14":[6],"15":[1],"16":[5],"17":[7],"18":[0],"19":[2],"20":[5],"21":[3],"22":[1],"23":[3]},"fnMap":{"0":{"name":"FormHandler","decl":{"start":{"line":2,"column":2},"end":{"line":9,"column":3}},"loc":{"start":{"line":2,"column":2},"end":{"line":9,"column":3}},"line":2},"1":{"name":"processForm","decl":{"start":{"line":11,"column":2},"end":{"line":20,"column":3}},"loc":{"start":{"line":11,"column":2},"end":{"line":20,"column":3}},"line":11},"2":{"name":"processFormData","decl":{"start":{"line":22,"column":2},"end":{"line":31,"column":3}},"loc":{"start":{"line":22,"column":2},"end":{"line":31,"column":3}},"line":22},"3":{"name":"clearErrors","decl":{"start":{"line":33,"column":2},"end":{"line":40,"column":3}},"loc":{"start":{"line":33,"column":2},"end":{"line":40,"column":3}},"line":33},"4":{"name":"displayErrors","decl":{"start":{"line":42,"column":2},"end":{"line":55,"column":3}},"loc":{"start":{"line":42,"column":2},"end":{"line":55,"column":3}},"line":42},"5":{"name":"checkForErrors","decl":{"start":{"line":57,"column":2},"end":{"line":79,"column":3}},"loc":{"start":{"line":57,"column":2},"end":{"line":79,"column":3}},"line":57},"6":{"name":"isValidEmail","decl":{"start":{"line":81,"column":2},"end":{"line":84,"column":3}},"loc":{"start":{"line":81,"column":2},"end":{"line":84,"column":3}},"line":81},"7":{"name":"handleGlobalError","decl":{"start":{"line":86,"column":2},"end":{"line":86,"column":24}},"loc":{"start":{"line":86,"column":2},"end":{"line":86,"column":24}},"line":86}},"f":{"0":9,"1":6,"2":3,"3":6,"4":3,"5":6,"6":3,"7":0}}
}
