TN:
SF:js\formHandler.js
FN:2,FormHandler
FN:11,processForm
FN:22,processFormData
FN:33,clearErrors
FN:42,displayErrors
FN:57,checkForErrors
FN:81,isValidEmail
FN:86,handleGlobalError
FNF:8
FNH:7
FNDA:9,FormHandler
FNDA:6,processForm
FNDA:3,processFormData
FNDA:6,clearErrors
FNDA:3,displayErrors
FNDA:6,checkForErrors
FNDA:3,isValidEmail
FNDA:0,handleGlobalError
DA:1,1
DA:2,1
DA:3,9
DA:4,1
DA:5,1
DA:6,8
DA:7,8
DA:8,8
DA:9,8
DA:10,1
DA:11,1
DA:12,6
DA:13,6
DA:14,6
DA:15,3
DA:16,3
DA:17,3
DA:18,3
DA:19,3
DA:20,6
DA:21,1
DA:22,1
DA:23,3
DA:24,3
DA:25,3
DA:26,4
DA:27,4
DA:28,4
DA:29,3
DA:30,3
DA:31,3
DA:32,1
DA:33,1
DA:34,6
DA:35,5
DA:36,2
DA:37,5
DA:38,5
DA:39,6
DA:40,6
DA:41,1
DA:42,1
DA:43,3
DA:44,3
DA:45,3
DA:46,3
DA:47,3
DA:48,2
DA:49,2
DA:50,2
DA:51,2
DA:52,2
DA:53,2
DA:54,3
DA:55,3
DA:56,1
DA:57,1
DA:58,6
DA:59,6
DA:60,1
DA:61,6
DA:62,5
DA:63,5
DA:64,5
DA:65,7
DA:66,7
DA:67,7
DA:68,2
DA:69,7
DA:70,5
DA:71,5
DA:72,1
DA:73,1
DA:74,5
DA:75,7
DA:76,5
DA:77,5
DA:78,6
DA:79,6
DA:80,1
DA:81,1
DA:82,3
DA:83,3
DA:84,3
DA:85,1
DA:86,1
DA:87,1
DA:88,1
DA:89,1
LF:89
LH:89
BRDA:1,0,0,1
BRDA:2,1,0,9
BRDA:3,2,0,1
BRDA:5,3,0,8
BRDA:11,4,0,6
BRDA:14,5,0,3
BRDA:22,6,0,3
BRDA:25,7,0,4
BRDA:33,8,0,6
BRDA:34,9,0,5
BRDA:35,10,0,2
BRDA:42,11,0,3
BRDA:43,12,0,3
BRDA:47,13,0,2
BRDA:57,14,0,6
BRDA:59,15,0,1
BRDA:61,16,0,5
BRDA:64,17,0,7
BRDA:66,18,0,0
BRDA:67,19,0,2
BRDA:69,20,0,5
BRDA:71,21,0,3
BRDA:71,22,0,1
BRDA:81,23,0,3
BRF:24
BRH:23
end_of_record
